<?xml version="1.0" encoding="UTF-8"?>
<testng-results ignored="0" total="1" passed="1" failed="0" skipped="0">
  <reporter-output>
  </reporter-output>
  <suite started-at="2024-07-07T13:29:52 IST" name="Default suite" finished-at="2024-07-07T13:30:03 IST" duration-ms="10550">
    <groups>
    </groups>
    <test started-at="2024-07-07T13:29:52 IST" name="Default test" finished-at="2024-07-07T13:30:03 IST" duration-ms="10550">
      <class name="Test.LoginPageTest">
        <test-method is-config="true" signature="setup()[pri:0, instance:Test.LoginPageTest@645aa696]" started-at="2024-07-07T13:29:52 IST" name="setup" finished-at="2024-07-07T13:30:01 IST" duration-ms="9057" status="PASS">
          <reporter-output>
          </reporter-output>
        </test-method> <!-- setup -->
        <test-method signature="validateLogin()[pri:0, instance:Test.LoginPageTest@645aa696]" started-at="2024-07-07T13:30:02 IST" name="validateLogin" finished-at="2024-07-07T13:30:02 IST" duration-ms="680" status="PASS">
          <reporter-output>
          </reporter-output>
        </test-method> <!-- validateLogin -->
        <test-method is-config="true" signature="tearDown()[pri:0, instance:Test.LoginPageTest@645aa696]" started-at="2024-07-07T13:30:02 IST" name="tearDown" finished-at="2024-07-07T13:30:03 IST" duration-ms="554" status="PASS">
          <reporter-output>
          </reporter-output>
        </test-method> <!-- tearDown -->
      </class> <!-- Test.LoginPageTest -->
    </test> <!-- Default test -->
  </suite> <!-- Default suite -->
</testng-results>
